06, 16, 2010 (10:34:42): Opening rpy file C:\Rhapsody\Share\Properties\PredefinedTypes.sbs
06, 16, 2010 (10:34:42): 
 Started loading C:\Rhapsody\Share\Properties\PredefinedTypes.sbs on Wednesday, June 16, 2010 (10:34:42).-

06, 16, 2010 (10:34:42): 

Starting inUnit resolution phase


06, 16, 2010 (10:34:42): 

Finished inUnit resolution phase


06, 16, 2010 (10:34:42): 
 Finished loading C:\Rhapsody\Share\Properties\PredefinedTypes.sbs on Wednesday, June 16, 2010 (10:34:42).-

06, 16, 2010 (10:34:42): Opening rpy file C:\Rhapsody\Share\Properties\PredefinedTypesC++.sbs
06, 16, 2010 (10:34:42): 
 Started loading C:\Rhapsody\Share\Properties\PredefinedTypesC++.sbs on Wednesday, June 16, 2010 (10:34:42).-

06, 16, 2010 (10:34:42): 

Starting inUnit resolution phase


06, 16, 2010 (10:34:42): 

Finished inUnit resolution phase


06, 16, 2010 (10:34:42): 
 Finished loading C:\Rhapsody\Share\Properties\PredefinedTypesC++.sbs on Wednesday, June 16, 2010 (10:34:42).-

06, 16, 2010 (10:34:42): Opening rpy file C:\backup\Elevator.rpy
06, 16, 2010 (10:34:42): 
 Started loading C:\backup\Elevator.rpy on Wednesday, June 16, 2010 (10:34:42).-

06, 16, 2010 (10:34:42): Opening rpy file C:\backup\Elevator_rpy\Building.sbs
06, 16, 2010 (10:34:42): 
 Started loading C:\backup\Elevator_rpy\Building.sbs on Wednesday, June 16, 2010 (10:34:42).-

06, 16, 2010 (10:34:42): 

Starting inUnit resolution phase


06, 16, 2010 (10:34:42): 

Finished inUnit resolution phase


06, 16, 2010 (10:34:42): 
 Finished loading C:\backup\Elevator_rpy\Building.sbs on Wednesday, June 16, 2010 (10:34:42).-

06, 16, 2010 (10:34:42): Opening rpy file C:\backup\Elevator_rpy\DefaultComponent.cmp
06, 16, 2010 (10:34:42): 
 Started loading C:\backup\Elevator_rpy\DefaultComponent.cmp on Wednesday, June 16, 2010 (10:34:42).-

06, 16, 2010 (10:34:42): 

Starting inUnit resolution phase


06, 16, 2010 (10:34:42): 

Finished inUnit resolution phase


06, 16, 2010 (10:34:42): 
 Finished loading C:\backup\Elevator_rpy\DefaultComponent.cmp on Wednesday, June 16, 2010 (10:34:42).-

06, 16, 2010 (10:34:42): 

Starting inUnit resolution phase


06, 16, 2010 (10:34:42): 

Finished inUnit resolution phase


06, 16, 2010 (10:34:42): 

Starting inUnit resolution phase


06, 16, 2010 (10:34:42): 

Finished inUnit resolution phase


06, 16, 2010 (10:34:42): 

Starting inUnit resolution phase


06, 16, 2010 (10:34:42): 

Finished inUnit resolution phase


06, 16, 2010 (10:34:42): 
 Finished loading C:\backup\Elevator.rpy on Wednesday, June 16, 2010 (10:34:42).-

06, 16, 2010 (10:34:42): Opening rpy file C:\Rhapsody\Share\Properties\PredefinedTypesJava.sbs
06, 16, 2010 (10:34:42): 
 Started loading C:\Rhapsody\Share\Properties\PredefinedTypesJava.sbs on Wednesday, June 16, 2010 (10:34:42).-

06, 16, 2010 (10:34:42): 

Starting inUnit resolution phase


06, 16, 2010 (10:34:42): 

Finished inUnit resolution phase


06, 16, 2010 (10:34:42): 
 Finished loading C:\Rhapsody\Share\Properties\PredefinedTypesJava.sbs on Wednesday, June 16, 2010 (10:34:42).-

06, 16, 2010 (10:34:42): Opening rpy file C:\backup\DefaultComponent\DefaultConfig\DefaultConfig.cg_info
06, 16, 2010 (10:34:42): 
 Started loading C:\backup\DefaultComponent\DefaultConfig\DefaultConfig.cg_info on Wednesday, June 16, 2010 (10:34:42).-

06, 16, 2010 (10:34:42): 
 Finished loading C:\backup\DefaultComponent\DefaultConfig\DefaultConfig.cg_info on Wednesday, June 16, 2010 (10:34:42).-

06, 16, 2010 (10:34:42): Starting checks of EventsBaseID conflicts
06, 16, 2010 (10:34:42): Finished checks of EventsBaseID conflicts
06, 16, 2010 (10:34:42): End Log
