06, 13, 2010 (11:28:54): Opening rpy file C:\Srapsody\Share\Properties\PredefinedTypes.sbs
06, 13, 2010 (11:28:54): 
 Started loading C:\Srapsody\Share\Properties\PredefinedTypes.sbs on Sunday, June 13, 2010 (11:28:54).-

06, 13, 2010 (11:28:54): 

Starting inUnit resolution phase


06, 13, 2010 (11:28:54): 

Finished inUnit resolution phase


06, 13, 2010 (11:28:54): 
 Finished loading C:\Srapsody\Share\Properties\PredefinedTypes.sbs on Sunday, June 13, 2010 (11:28:54).-

06, 13, 2010 (11:28:54): Opening rpy file C:\Srapsody\Share\Properties\PredefinedTypesC++.sbs
06, 13, 2010 (11:28:54): 
 Started loading C:\Srapsody\Share\Properties\PredefinedTypesC++.sbs on Sunday, June 13, 2010 (11:28:54).-

06, 13, 2010 (11:28:54): 

Starting inUnit resolution phase


06, 13, 2010 (11:28:54): 

Finished inUnit resolution phase


06, 13, 2010 (11:28:54): 
 Finished loading C:\Srapsody\Share\Properties\PredefinedTypesC++.sbs on Sunday, June 13, 2010 (11:28:54).-

06, 13, 2010 (11:28:54): Opening rpy file D:\studia\scr\Elev_SVN\Elevator.rpy
06, 13, 2010 (11:28:54): 
 Started loading D:\studia\scr\Elev_SVN\Elevator.rpy on Sunday, June 13, 2010 (11:28:54).-

06, 13, 2010 (11:28:54): Opening rpy file D:\studia\scr\Elev_SVN\Elevator_rpy\Building.sbs
06, 13, 2010 (11:28:54): 
 Started loading D:\studia\scr\Elev_SVN\Elevator_rpy\Building.sbs on Sunday, June 13, 2010 (11:28:54).-

06, 13, 2010 (11:28:54): 

Starting inUnit resolution phase


06, 13, 2010 (11:28:54): 

Finished inUnit resolution phase


06, 13, 2010 (11:28:54): 
 Finished loading D:\studia\scr\Elev_SVN\Elevator_rpy\Building.sbs on Sunday, June 13, 2010 (11:28:54).-

06, 13, 2010 (11:28:54): Opening rpy file D:\studia\scr\Elev_SVN\Elevator_rpy\DefaultComponent.cmp
06, 13, 2010 (11:28:54): 
 Started loading D:\studia\scr\Elev_SVN\Elevator_rpy\DefaultComponent.cmp on Sunday, June 13, 2010 (11:28:54).-

06, 13, 2010 (11:28:54): 

Starting inUnit resolution phase


06, 13, 2010 (11:28:54): 

Finished inUnit resolution phase


06, 13, 2010 (11:28:54): 
 Finished loading D:\studia\scr\Elev_SVN\Elevator_rpy\DefaultComponent.cmp on Sunday, June 13, 2010 (11:28:54).-

06, 13, 2010 (11:28:54): 

Starting inUnit resolution phase


06, 13, 2010 (11:28:54): 

Finished inUnit resolution phase


06, 13, 2010 (11:28:54): 

Starting inUnit resolution phase


06, 13, 2010 (11:28:54): 

Finished inUnit resolution phase


06, 13, 2010 (11:28:54): 

Starting inUnit resolution phase


06, 13, 2010 (11:28:54): 

Finished inUnit resolution phase


06, 13, 2010 (11:28:54): 
 Finished loading D:\studia\scr\Elev_SVN\Elevator.rpy on Sunday, June 13, 2010 (11:28:54).-

06, 13, 2010 (11:28:54): Opening rpy file C:\Srapsody\Share\Properties\PredefinedTypesJava.sbs
06, 13, 2010 (11:28:54): 
 Started loading C:\Srapsody\Share\Properties\PredefinedTypesJava.sbs on Sunday, June 13, 2010 (11:28:54).-

06, 13, 2010 (11:28:54): 

Starting inUnit resolution phase


06, 13, 2010 (11:28:54): 

Finished inUnit resolution phase


06, 13, 2010 (11:28:54): 
 Finished loading C:\Srapsody\Share\Properties\PredefinedTypesJava.sbs on Sunday, June 13, 2010 (11:28:54).-

06, 13, 2010 (11:28:54): Opening rpy file D:\studia\scr\Elev_SVN\DefaultComponent\DefaultConfig\DefaultConfig.cg_info
06, 13, 2010 (11:28:54): 
 Started loading D:\studia\scr\Elev_SVN\DefaultComponent\DefaultConfig\DefaultConfig.cg_info on Sunday, June 13, 2010 (11:28:54).-

06, 13, 2010 (11:28:54): 
 Finished loading D:\studia\scr\Elev_SVN\DefaultComponent\DefaultConfig\DefaultConfig.cg_info on Sunday, June 13, 2010 (11:28:54).-

06, 13, 2010 (11:28:54): Starting checks of EventsBaseID conflicts
06, 13, 2010 (11:28:54): Finished checks of EventsBaseID conflicts
06, 13, 2010 (11:28:54): End Log
