06, 03, 2010 (14:43:51): Opening rpy file C:\Rhapsody\Share\Properties\PredefinedTypes.sbs
06, 03, 2010 (14:43:51): 
 Started loading C:\Rhapsody\Share\Properties\PredefinedTypes.sbs on Thursday, June 03, 2010 (14:43:51).-

06, 03, 2010 (14:43:51): 

Starting inUnit resolution phase


06, 03, 2010 (14:43:51): 

Finished inUnit resolution phase


06, 03, 2010 (14:43:51): 
 Finished loading C:\Rhapsody\Share\Properties\PredefinedTypes.sbs on Thursday, June 03, 2010 (14:43:51).-

06, 03, 2010 (14:43:51): Opening rpy file C:\Rhapsody\Share\Properties\PredefinedTypesC++.sbs
06, 03, 2010 (14:43:51): 
 Started loading C:\Rhapsody\Share\Properties\PredefinedTypesC++.sbs on Thursday, June 03, 2010 (14:43:51).-

06, 03, 2010 (14:43:51): 

Starting inUnit resolution phase


06, 03, 2010 (14:43:51): 

Finished inUnit resolution phase


06, 03, 2010 (14:43:51): 
 Finished loading C:\Rhapsody\Share\Properties\PredefinedTypesC++.sbs on Thursday, June 03, 2010 (14:43:51).-

06, 03, 2010 (14:43:51): Opening rpy file C:\Documents and Settings\Mateusz\Desktop\Elevator\Elevator\Elevator.rpy
06, 03, 2010 (14:43:51): 
 Started loading C:\Documents and Settings\Mateusz\Desktop\Elevator\Elevator\Elevator.rpy on Thursday, June 03, 2010 (14:43:51).-

06, 03, 2010 (14:43:51): Opening rpy file C:\Documents and Settings\Mateusz\Desktop\Elevator\Elevator\Elevator_rpy\Building.sbs
06, 03, 2010 (14:43:51): 
 Started loading C:\Documents and Settings\Mateusz\Desktop\Elevator\Elevator\Elevator_rpy\Building.sbs on Thursday, June 03, 2010 (14:43:51).-

06, 03, 2010 (14:43:51): 

Starting inUnit resolution phase


06, 03, 2010 (14:43:51): 

Finished inUnit resolution phase


06, 03, 2010 (14:43:52): 
 Finished loading C:\Documents and Settings\Mateusz\Desktop\Elevator\Elevator\Elevator_rpy\Building.sbs on Thursday, June 03, 2010 (14:43:52).-

06, 03, 2010 (14:43:52): Opening rpy file C:\Documents and Settings\Mateusz\Desktop\Elevator\Elevator\Elevator_rpy\DefaultComponent.cmp
06, 03, 2010 (14:43:52): 
 Started loading C:\Documents and Settings\Mateusz\Desktop\Elevator\Elevator\Elevator_rpy\DefaultComponent.cmp on Thursday, June 03, 2010 (14:43:52).-

06, 03, 2010 (14:43:52): 

Starting inUnit resolution phase


06, 03, 2010 (14:43:52): 

Finished inUnit resolution phase


06, 03, 2010 (14:43:52): 
 Finished loading C:\Documents and Settings\Mateusz\Desktop\Elevator\Elevator\Elevator_rpy\DefaultComponent.cmp on Thursday, June 03, 2010 (14:43:52).-

06, 03, 2010 (14:43:52): 

Starting inUnit resolution phase


06, 03, 2010 (14:43:52): 

Finished inUnit resolution phase


06, 03, 2010 (14:43:52): 

Starting inUnit resolution phase


06, 03, 2010 (14:43:52): 

Finished inUnit resolution phase


06, 03, 2010 (14:43:52): 

Starting inUnit resolution phase


06, 03, 2010 (14:43:52): 

Finished inUnit resolution phase


06, 03, 2010 (14:43:52): 
 Finished loading C:\Documents and Settings\Mateusz\Desktop\Elevator\Elevator\Elevator.rpy on Thursday, June 03, 2010 (14:43:52).-

06, 03, 2010 (14:43:52): Opening rpy file C:\Rhapsody\Share\Properties\PredefinedTypesJava.sbs
06, 03, 2010 (14:43:52): 
 Started loading C:\Rhapsody\Share\Properties\PredefinedTypesJava.sbs on Thursday, June 03, 2010 (14:43:52).-

06, 03, 2010 (14:43:52): 

Starting inUnit resolution phase


06, 03, 2010 (14:43:52): 

Finished inUnit resolution phase


06, 03, 2010 (14:43:52): 
 Finished loading C:\Rhapsody\Share\Properties\PredefinedTypesJava.sbs on Thursday, June 03, 2010 (14:43:52).-

06, 03, 2010 (14:43:52): Opening rpy file C:\Documents and Settings\Mateusz\Desktop\Elevator\Elevator\DefaultComponent\DefaultConfig\DefaultConfig.cg_info
06, 03, 2010 (14:43:52): 
 Started loading C:\Documents and Settings\Mateusz\Desktop\Elevator\Elevator\DefaultComponent\DefaultConfig\DefaultConfig.cg_info on Thursday, June 03, 2010 (14:43:52).-

06, 03, 2010 (14:43:52): 
 Finished loading C:\Documents and Settings\Mateusz\Desktop\Elevator\Elevator\DefaultComponent\DefaultConfig\DefaultConfig.cg_info on Thursday, June 03, 2010 (14:43:52).-

06, 03, 2010 (14:43:52): Starting checks of EventsBaseID conflicts
06, 03, 2010 (14:43:52): Finished checks of EventsBaseID conflicts
06, 03, 2010 (14:43:52): End Log
